<?xml version="1.0" encoding="UTF-8"?>
<TestRun id="3edc1bb3-0c2b-4ca3-8c21-17e0b71a8888" name="Student@10266A-GEN-DEV 2022-06-14 05:37:23" runUser="10266A-GEN-DEV\Student" xmlns="http://microsoft.com/schemas/VisualStudio/TeamTest/2010">
  <TestSettings name="Local" id="331318e5-3cb1-440b-a84a-1d4b32d7c0e8">
    <Description>These are default test settings for a local test run.</Description>
    <Deployment enabled="false" runDeploymentRoot="Student_10266A-GEN-DEV 2022-06-14 05_37_23">
      <DeploymentItem filename="E:\Labfiles\Lab 3\Ex1\Starter\GreatestCommonDivisor\bin\Debug\Module3.exe" />
    </Deployment>
    <Execution>
      <TestTypeSpecific />
      <AgentRule name="Execution Agents">
      </AgentRule>
    </Execution>
  </TestSettings>
  <Times creation="2022-06-14T05:37:23.2565937-07:00" queuing="2022-06-14T05:37:23.2624531-07:00" start="2022-06-14T05:37:23.2673359-07:00" finish="2022-06-14T05:37:23.3688984-07:00" />
  <ResultSummary outcome="Completed">
    <Counters total="1" executed="1" passed="1" error="0" failed="0" timeout="0" aborted="0" inconclusive="0" passedButRunAborted="0" notRunnable="0" notExecuted="0" disconnected="0" warning="0" completed="0" inProgress="0" pending="0" />
  </ResultSummary>
  <TestDefinitions>
    <UnitTest name="FindGCDEuclidTest" storage="e:\labfiles\lab 3\ex1\starter\gcd test project1\bin\debug\gcd test project1.dll" id="1ecd95f5-2723-a918-9868-a6f32b834948">
      <Execution id="6bfbea4e-6a05-449f-9069-e5df8a83411f" />
      <TestMethod codeBase="E:/Labfiles/Lab 3/Ex1/Starter/GCD Test Project1/bin/Debug/GCD Test Project1.DLL" adapterTypeName="Microsoft.VisualStudio.TestTools.TestTypes.Unit.UnitTestAdapter, Microsoft.VisualStudio.QualityTools.Tips.UnitTest.Adapter, Version=10.0.0.0, Culture=neutral, PublicKeyToken=b03f5f7f11d50a3a" className="GCD_Test_Project1.GCDAlgorithmsTest, GCD Test Project1, Version=1.0.0.0, Culture=neutral, PublicKeyToken=null" name="FindGCDEuclidTest" />
    </UnitTest>
  </TestDefinitions>
  <TestLists>
    <TestList name="Results Not in a List" id="8c84fa94-04c1-424b-9868-57a2d4851a1d" />
    <TestList name="All Loaded Results" id="19431567-8539-422a-85d7-44ee4e166bda" />
  </TestLists>
  <TestEntries>
    <TestEntry testId="1ecd95f5-2723-a918-9868-a6f32b834948" executionId="6bfbea4e-6a05-449f-9069-e5df8a83411f" testListId="8c84fa94-04c1-424b-9868-57a2d4851a1d" />
  </TestEntries>
  <Results>
    <UnitTestResult executionId="6bfbea4e-6a05-449f-9069-e5df8a83411f" testId="1ecd95f5-2723-a918-9868-a6f32b834948" testName="FindGCDEuclidTest" computerName="10266A-GEN-DEV" duration="00:00:00.0077377" startTime="2022-06-14T05:37:23.2761250-07:00" endTime="2022-06-14T05:37:23.3620625-07:00" testType="13cdc9d9-ddb5-4fa4-a97d-d965ccfc6d4b" outcome="Passed" testListId="8c84fa94-04c1-424b-9868-57a2d4851a1d" relativeResultsDirectory="6bfbea4e-6a05-449f-9069-e5df8a83411f">
    </UnitTestResult>
  </Results>
</TestRun>