<?xml version="1.0" encoding="UTF-8"?>
<TestRun id="10cefd79-5887-4e2b-b119-285788f0bd35" name="Student@10266A-GEN-DEV 2022-06-14 05:26:13" runUser="10266A-GEN-DEV\Student" xmlns="http://microsoft.com/schemas/VisualStudio/TeamTest/2010">
  <TestSettings name="Local" id="331318e5-3cb1-440b-a84a-1d4b32d7c0e8">
    <Description>These are default test settings for a local test run.</Description>
    <Deployment enabled="false" runDeploymentRoot="Student_10266A-GEN-DEV 2022-06-14 05_26_13">
      <DeploymentItem filename="E:\Labfiles\Lab 3\Ex1\Starter\GreatestCommonDivisor\bin\Debug\Module3.exe" />
    </Deployment>
    <Execution>
      <TestTypeSpecific />
      <AgentRule name="Execution Agents">
      </AgentRule>
    </Execution>
  </TestSettings>
  <Times creation="2022-06-14T05:26:13.7751484-07:00" queuing="2022-06-14T05:26:13.7985859-07:00" start="2022-06-14T05:26:13.8083515-07:00" finish="2022-06-14T05:26:13.9001484-07:00" />
  <ResultSummary outcome="Completed">
    <Counters total="1" executed="1" passed="1" error="0" failed="0" timeout="0" aborted="0" inconclusive="0" passedButRunAborted="0" notRunnable="0" notExecuted="0" disconnected="0" warning="0" completed="0" inProgress="0" pending="0" />
  </ResultSummary>
  <TestDefinitions>
    <UnitTest name="TestMethod1" storage="e:\labfiles\lab 3\ex1\starter\gcd test project\bin\debug\gcd test project.dll" id="d0060085-f6d2-2d59-5448-758564e2e4fc">
      <Execution id="43919985-d7ce-4841-82aa-a7996deb67a0" />
      <TestMethod codeBase="E:/Labfiles/Lab 3/Ex1/Starter/GCD Test Project/bin/Debug/GCD Test Project.DLL" adapterTypeName="Microsoft.VisualStudio.TestTools.TestTypes.Unit.UnitTestAdapter, Microsoft.VisualStudio.QualityTools.Tips.UnitTest.Adapter, Version=10.0.0.0, Culture=neutral, PublicKeyToken=b03f5f7f11d50a3a" className="GCD_Test_Project.UnitTest1, GCD Test Project, Version=1.0.0.0, Culture=neutral, PublicKeyToken=null" name="TestMethod1" />
    </UnitTest>
  </TestDefinitions>
  <TestLists>
    <TestList name="Results Not in a List" id="8c84fa94-04c1-424b-9868-57a2d4851a1d" />
    <TestList name="All Loaded Results" id="19431567-8539-422a-85d7-44ee4e166bda" />
  </TestLists>
  <TestEntries>
    <TestEntry testId="d0060085-f6d2-2d59-5448-758564e2e4fc" executionId="43919985-d7ce-4841-82aa-a7996deb67a0" testListId="8c84fa94-04c1-424b-9868-57a2d4851a1d" />
  </TestEntries>
  <Results>
    <UnitTestResult executionId="43919985-d7ce-4841-82aa-a7996deb67a0" testId="d0060085-f6d2-2d59-5448-758564e2e4fc" testName="TestMethod1" computerName="10266A-GEN-DEV" duration="00:00:00.0067366" startTime="2022-06-14T05:26:13.8122578-07:00" endTime="2022-06-14T05:26:13.8923359-07:00" testType="13cdc9d9-ddb5-4fa4-a97d-d965ccfc6d4b" outcome="Passed" testListId="8c84fa94-04c1-424b-9868-57a2d4851a1d" relativeResultsDirectory="43919985-d7ce-4841-82aa-a7996deb67a0">
    </UnitTestResult>
  </Results>
</TestRun>